0 info it worked if it ends with ok
1 verbose cli [ '/opt/node-v4.8.6-linux-x64/bin/node',
1 verbose cli   '/opt/node-v4.8.6-linux-x64/bin/npm',
1 verbose cli   'install' ]
2 info using npm@2.15.11
3 info using node@v4.8.6
4 verbose readDependencies loading dependencies from /root/apache-ambari-2.7.5-src/package.json
5 error install Couldn't read dependencies
6 verbose stack Error: ENOENT: no such file or directory, open '/root/apache-ambari-2.7.5-src/package.json'
6 verbose stack     at Error (native)
7 verbose cwd /root/apache-ambari-2.7.5-src
8 error Linux 5.10.134-12.2.el8.bclinux.x86_64
9 error argv "/opt/node-v4.8.6-linux-x64/bin/node" "/opt/node-v4.8.6-linux-x64/bin/npm" "install"
10 error node v4.8.6
11 error npm  v2.15.11
12 error path /root/apache-ambari-2.7.5-src/package.json
13 error code ENOPACKAGEJSON
14 error errno -2
15 error syscall open
16 error package.json ENOENT: no such file or directory, open '/root/apache-ambari-2.7.5-src/package.json'
16 error package.json This is most likely not a problem with npm itself.
16 error package.json npm can't find a package.json file in your current directory.
17 verbose exit [ -2, true ]
